// Hello World Banner 1.2.0.RELEASE log opened at 2017-02-16 23:03:38
hw simple --message 'hello world'
// Hello World Banner 1.2.0.RELEASE log opened at 2017-02-16 23:15:09
// Hello World Banner 1.2.0.M1 log opened at 2017-03-18 15:47:36
// Hello World Banner 1.2.0.M1 log opened at 2017-03-18 15:52:09
// Hello World Banner 1.2.0.M1 log opened at 2017-03-18 15:53:05
help
// [failed] speedtest --systemID data.agaveapi.co
// Agave Ops provider 1.2.0.M1 log opened at 2017-03-18 16:00:59
// [failed] speedtest --systemID data.agaveapi.co 
// Agave Ops provider 1.2.0.M1 log opened at 2017-03-18 16:01:43
// Agave Ops provider 1.2.0.M1 log opened at 2017-03-18 16:02:54
// Agave Ops provider 1.2.0.M1 log opened at 2017-03-18 16:04:21
// Agave Ops provider 1.2.0.M1 log opened at 2017-03-18 16:11:07
// Agave Ops provider 1.2.0.M1 log opened at 2017-03-18 16:14:04
// Agave Ops provider 1.2.0.M1 log opened at 2017-03-18 16:15:37
// Agave Ops provider 1.2.0.M1 log opened at 2017-03-18 16:17:28
// Agave Ops provider 1.2.0.M1 log opened at 2017-03-18 16:18:58
// Agave Ops provider 1.2.0.M1 log opened at 2017-03-18 16:19:35
// Agave Ops provider 1.2.0.M1 log opened at 2017-03-18 16:20:47
// Agave Ops provider 1.2.0.M1 log opened at 2017-03-18 16:21:27
// Agave Ops provider 1.2.0.M1 log opened at 2017-03-18 16:23:44
// Agave Ops provider 1.2.0.M1 log opened at 2017-03-18 16:26:32
// [failed] speedtest --systemID data.agaveapi.co
// Agave Ops provider 1.2.0.M1 log opened at 2017-03-18 16:36:06
// Agave Ops provider 1.2.0.M1 log opened at 2017-03-18 16:36:13
// [failed] speedtest --systemID data.agaveapi.co
// Agave Ops provider 1.2.0.M1 log opened at 2017-03-18 16:47:41
// [failed] speedtest --systemID data.agaveapi.co
// [failed] speedtest --systemID data.agaveapi.co
speedtest --systemID data.agaveapi.co
speedtest --systemID data.agaveapi.co
// Agave Ops provider 1.2.0.M1 log opened at 2017-03-18 17:04:40
// [failed] speedtest --systemID data.agaveapi.co
// [failed] speedtest --systemID data.agaveapi.co
speedtest --systemID data.agaveapi.co
speedtest --systemID data.agaveapi.co
// Agave Ops provider 1.2.0.M1 log opened at 2017-03-18 17:21:24
speedtest --systemID data.agaveapi.co
// Agave Ops provider 1.2.0.M1 log opened at 2017-03-18 17:23:06
speedtest --systemID data.agaveapi.co
// Agave Ops provider 1.2.0.M1 log opened at 2017-03-18 17:29:57
speedtest --systemID data.agaveapi.co
// Agave Ops provider 1.2.0.M1 log opened at 2017-03-18 17:31:55
speedtest --systemID data.agaveapi.co
// Agave Ops provider 1.2.0.M1 log opened at 2017-03-18 17:40:11
speedtest --systemID data.agaveapi.co
speedtest --systemID data.agaveapi.co
// Agave Ops provider 1.2.0.M1 log opened at 2017-03-18 17:46:39
speedtest --systemID data.agaveapi.co
// Agave Ops provider 1.2.0.M1 log opened at 2017-03-18 18:00:40
help
// Agave Ops provider 1.2.0.M1 log opened at 2017-03-18 18:02:55
speedtest --systemID data.agaveapi.co --verbose true 
// Agave Ops provider 1.2.0.M1 log opened at 2017-03-18 18:04:59
// Agave Ops provider 1.2.0.M1 log opened at 2017-03-18 19:42:19
// [failed] speedtest code --system data.agaveapi.co --verbose true
// Agave Ops provider 1.2.0.M1 log opened at 2017-03-18 19:49:48
// [failed] speedtest code --system data.agaveapi.co --verbose true
// Agave Ops provider 1.2.0.M1 log opened at 2017-03-18 19:51:44
// [failed] speedtest code --system data.agaveapi.co --verbose true
// [failed] speedtest code --system data.agaveapi.co --verbose true
// Agave Ops provider 1.2.0.M1 log opened at 2017-03-18 19:53:57
// [failed] speedtest code --system data.agaveapi.co --verbose true
// [failed] speedtest code --system data.agaveapi.co --verbose true
! rm -f ~/sftp-test
// [failed] speedtest code --system data.agaveapi.co --verbose true
// [failed] speedtest code --system data.agaveapi.co --verbose true
// [failed] speedtest code --system data.agaveapi.co --verbose true
speedtest code --system data.agaveapi.co --verbose true
speedtest code --system data.agaveapi.co --verbose true
speedtest native --system data.agaveapi.co --verbose true
speedtest native --system data.agaveapi.co --verbose true
// Agave Ops provider 1.2.0.M1 log opened at 2017-03-18 20:09:47
// Agave Ops provider 1.2.0.M1 log opened at 2017-03-18 20:35:40
// Agave Ops provider 1.2.0.M1 log opened at 2017-03-18 20:37:25
speedtest native --system data.agaveapi.co --verbose true
// Agave Ops provider 1.2.0.M1 log opened at 2017-03-18 21:01:31
// Agave Ops provider 1.2.0.M1 log opened at 2017-03-18 21:47:55
speedtest native --system data.agaveapi.co --verbose true
// Agave Ops provider 1.2.0.M1 log opened at 2017-03-18 22:15:18
speedtest native --system data.agaveapi.co --verbose true
// Agave Ops provider 1.2.0.M1 log opened at 2017-03-18 22:51:39
speedtest native --system data.agaveapi.co --verbose true
speedtest native --system data.agaveapi.co --verbose true
// [failed] speedtest native --system data.agaveapi.co --verbose true
speedtest native --system data.agaveapi.co --verbose true
// Agave Ops provider 1.2.0.M1 log opened at 2017-03-18 23:21:10
speedtest native --system data.agaveapi.co --verbose true
// Agave Ops provider 1.2.0.M1 log opened at 2017-03-18 23:23:31
speedtest
speedtest
// Agave Ops provider 1.2.0.M1 log opened at 2017-03-19 00:31:19
// Agave Ops provider 1.2.0.M1 log opened at 2017-03-19 00:53:27
speedtest
speedtest
speedtest
speedtest
speedtest
speedtest
speedtest
speedtest
speedtest
speedtest
speedtest
speedtest
speedtest
speedtest
speedtest
speedtest
speedtest
speedtest
speedtest
speedtest
speedtest
// Agave Ops provider 1.2.0.M1 log opened at 2017-03-19 01:35:26
speedtest
speedtest
// Agave Ops provider 1.2.0.M1 log opened at 2017-03-19 02:06:39
speedtest
speedtest
speedtest
speedtest
speedtest
speedtest
// Agave Ops provider 1.2.0.M1 log opened at 2017-03-19 02:32:07
// Agave Ops provider 1.2.0.M1 log opened at 2017-03-19 02:32:20
speedtest
// Agave Ops provider 1.2.0.M1 log opened at 2017-03-19 02:32:55
speedtest
speedtest
speedtest
speedtest
// Agave Ops provider 1.2.0.M1 log opened at 2017-03-19 03:30:59
// [failed] speedtest
speedtest
speedtest
speedtest
// Agave Ops provider 1.2.0.M1 log opened at 2017-03-19 03:40:33
speedtest
// Agave Ops provider 1.2.0.M1 log opened at 2017-03-19 03:41:44
// [failed] speedtest
// [failed] speedtest
speedtest
// [failed] speedtest
speedtest
speedtest
speedtest
speedtest
// Agave Ops provider 1.2.0.M1 log opened at 2017-03-19 03:56:55
speedtest
speedtest
speedtest
speedtest
speedtest
// Agave Ops provider 1.2.0.M1 log opened at 2017-03-19 04:03:33
speedtest
// Agave Ops provider 1.2.0.M1 log opened at 2017-03-19 04:06:57
speedtest
speedtest 
// Agave Ops provider 1.2.0.M1 log opened at 2017-03-19 04:12:43
// Agave Ops provider 1.2.0.M1 log opened at 2017-03-19 04:13:39
speedtest
// Agave Ops provider 1.2.0.M1 log opened at 2017-03-19 04:16:55
speedtest
help
system properties
! env
! env | grep SSH_AUTH_SOCK
! echo $( env | grep SSH_AUTH_SOCK)
! echo $( env | grep SSH_AUTH_SOCK )
// Agave Ops provider 1.2.0.M1 log opened at 2017-03-19 04:21:52
speedtest
// Agave Ops provider 1.2.0.M1 log opened at 2017-03-19 04:25:24
speedtest
// Agave Ops provider 1.2.0.M1 log opened at 2017-03-19 04:32:18
speedtest
// Agave Ops provider 1.2.0.M1 log opened at 2017-03-19 04:33:04
speedtest
// Agave Ops provider 1.2.0.M1 log opened at 2017-03-19 04:33:36
// [failed] speedtest
// [failed] speedtest
// [failed] speedtest
// [failed] speedtest
// Agave Ops provider 1.2.0.M1 log opened at 2017-04-11 09:19:27
help
// [failed] speedtest
